<?xml version="1.0" encoding="UTF-8"?>
<!-- Generated by org.testng.reporters.JUnitXMLReporter -->
<testsuite hostname="Ms-Mac-7" name="Test" tests="2" failures="1" timestamp="25 Dec 2018 10:17:37 GMT" time="78.484" errors="0">
  <testcase name="SearchTest" time="23.444" classname="Appium.SearchTestCase"/>
  <testcase name="LoginTestCase" time="40.706" classname="Appium.LoginTestCase">
    <failure type="org.openqa.selenium.NoSuchElementException" message="By.xpath: //android.widget.ImageButton[@content-desc=&amp;apos;‎‏‎‎‎‎‎‏‎‏‏‏‎‎‎‎‎‏‎‎‏‎‎‎‎‏‏‏‏‏‎‏‏‎‏‏‎‎‎‎‏‏‏‏‏‏‏‎‏‏‏‏‏‎‏‎‎‏‏‎‏‎‎‎‎‎‏‏‏‎‏‎‎‎‎‎‏‏‎‏‏‎‎‏‎‏‎‏‏‏‏‏‎‎Navigate up‎‏‎‎‏‎&amp;apos;]
For documentation on this error, please visit: http://seleniumhq.org/exceptions/no_such_element.html
Build info: version: &amp;apos;2.48.2&amp;apos;, revision: &amp;apos;41bccdd10cf2c0560f637404c2d96164b67d9d67&amp;apos;, time: &amp;apos;2015-10-09 13:08:06&amp;apos;
System info: host: &amp;apos;Ms-Mac-7&amp;apos;, ip: &amp;apos;192.168.10.4&amp;apos;, os.name: &amp;apos;Mac OS X&amp;apos;, os.arch: &amp;apos;x86_64&amp;apos;, os.version: &amp;apos;10.14&amp;apos;, java.version: &amp;apos;1.8.0_181&amp;apos;
Driver info: driver.version: unknown">
      <![CDATA[org.openqa.selenium.NoSuchElementException: By.xpath: //android.widget.ImageButton[@content-desc='‎‏‎‎‎‎‎‏‎‏‏‏‎‎‎‎‎‏‎‎‏‎‎‎‎‏‏‏‏‏‎‏‏‎‏‏‎‎‎‎‏‏‏‏‏‏‏‎‏‏‏‏‏‎‏‎‎‏‏‎‏‎‎‎‎‎‏‏‏‎‏‎‎‎‎‎‏‏‎‏‏‎‎‏‎‏‎‏‏‏‏‏‎‎Navigate up‎‏‎‎‏‎']
For documentation on this error, please visit: http://seleniumhq.org/exceptions/no_such_element.html
Build info: version: '2.48.2', revision: '41bccdd10cf2c0560f637404c2d96164b67d9d67', time: '2015-10-09 13:08:06'
System info: host: 'Ms-Mac-7', ip: '192.168.10.4', os.name: 'Mac OS X', os.arch: 'x86_64', os.version: '10.14', java.version: '1.8.0_181'
Driver info: driver.version: unknown
	at Appium.Delays.waitForObject(Delays.java:20)
	at Appium.Helper.find(Helper.java:24)
	at Appium.LoginTestCase.LoginTestCase(LoginTestCase.java:68)
... Removed 24 stack frames]]>
    </failure>
  </testcase> <!-- LoginTestCase -->
</testsuite> <!-- Test -->
